app/build/intermediates/manifest_merge_blame_file/debug/manifest-merger-blame-debug-report.txt
1<?xml version="1.0" encoding="utf-8"?>
2<manifest xmlns:android="http://schemas.android.com/apk/res/android"
3    package="com.example.eyecane"
4    android:versionCode="1"
5    android:versionName="1.0" >
6
7    <uses-sdk
8        android:minSdkVersion="19"
8-->src\main\AndroidManifest.xml
9        android:targetSdkVersion="29" />
9-->src\main\AndroidManifest.xml
10
11    <uses-permission android:name="android.permission.ACCESS_FINE_LOCATION" />
11-->src\main\AndroidManifest.xml:5:5-79
11-->src\main\AndroidManifest.xml:5:22-76
12    <uses-permission android:name="android.permission.ACCESS_COARSE_LOCATION" />
12-->src\main\AndroidManifest.xml:6:5-81
12-->src\main\AndroidManifest.xml:6:22-78
13    <uses-permission android:name="android.permission.INTERNET" />
13-->src\main\AndroidManifest.xml:7:5-67
13-->src\main\AndroidManifest.xml:7:22-64
14    <uses-permission android:name="android.permission.ACCESS_NETWORK_STATE" />
14-->src\main\AndroidManifest.xml:8:5-79
14-->src\main\AndroidManifest.xml:8:22-76
15    <uses-permission android:name="com.google.android.providers.gsf.permisson.READ_GSERVICES" />
15-->src\main\AndroidManifest.xml:9:5-97
15-->src\main\AndroidManifest.xml:9:22-94
16
17    <uses-feature
17-->[com.google.android.gms:play-services-maps:17.0.0] AndroidManifest.xml:26:5-28:35
18        android:glEsVersion="0x00020000"
18-->[com.google.android.gms:play-services-maps:17.0.0] AndroidManifest.xml:27:9-41
19        android:required="true" />
19-->[com.google.android.gms:play-services-maps:17.0.0] AndroidManifest.xml:28:9-32
20
21    <application
21-->src\main\AndroidManifest.xml:11:5-47:19
22        android:allowBackup="true"
22-->src\main\AndroidManifest.xml:12:9-35
23        android:appComponentFactory="androidx.core.app.CoreComponentFactory"
23-->[androidx.core:core:1.0.1] AndroidManifest.xml:22:18-86
24        android:debuggable="true"
25        android:icon="@mipmap/ic_launcher"
25-->src\main\AndroidManifest.xml:13:9-43
26        android:label="iSave"
26-->src\main\AndroidManifest.xml:14:9-30
27        android:roundIcon="@mipmap/ic_launcher_round"
27-->src\main\AndroidManifest.xml:15:9-54
28        android:supportsRtl="true"
28-->src\main\AndroidManifest.xml:16:9-35
29        android:testOnly="true"
30        android:theme="@style/AppTheme" >
30-->src\main\AndroidManifest.xml:17:9-40
31        <activity android:name="com.example.eyecane.scrollActivity" />
31-->src\main\AndroidManifest.xml:19:9-61
31-->src\main\AndroidManifest.xml:19:19-49
32        <!--
33             The API key for Google Maps-based APIs is defined as a string resource.
34             (See the file "res/values/google_maps_api.xml").
35             Note that the API key is linked to the encryption key used to sign the APK.
36             You need a different API key for each encryption key, including the release key that is used to
37             sign the APK for publishing.
38             You can define the keys for the debug and release targets in src/debug/ and src/release/.
39        -->
40        <meta-data
40-->src\main\AndroidManifest.xml:28:9-30:55
41            android:name="com.google.android.geo.API_KEY"
41-->src\main\AndroidManifest.xml:29:13-58
42            android:value="@string/google_maps_key" />
42-->src\main\AndroidManifest.xml:30:13-52
43
44        <activity
44-->src\main\AndroidManifest.xml:32:9-34:66
45            android:name="com.example.eyecane.GoogleMapsActivity"
45-->src\main\AndroidManifest.xml:33:13-47
46            android:label="@string/title_activity_google_maps" />
46-->src\main\AndroidManifest.xml:34:13-63
47        <activity android:name="com.example.eyecane.LoginActivity" />
47-->src\main\AndroidManifest.xml:35:9-51
47-->src\main\AndroidManifest.xml:35:19-48
48        <activity
48-->src\main\AndroidManifest.xml:36:9-43:20
49            android:name="com.example.eyecane.SplashScreen"
49-->src\main\AndroidManifest.xml:37:13-41
50            android:theme="@style/SplashScreen" >
50-->src\main\AndroidManifest.xml:38:13-48
51            <intent-filter>
51-->src\main\AndroidManifest.xml:39:13-42:29
52                <action android:name="android.intent.action.MAIN" />
52-->src\main\AndroidManifest.xml:40:17-69
52-->src\main\AndroidManifest.xml:40:25-66
53
54                <category android:name="android.intent.category.LAUNCHER" />
54-->src\main\AndroidManifest.xml:41:17-77
54-->src\main\AndroidManifest.xml:41:27-74
55            </intent-filter>
56        </activity>
57        <activity
57-->src\main\AndroidManifest.xml:44:9-46:47
58            android:name="com.example.eyecane.MainActivity"
58-->src\main\AndroidManifest.xml:45:13-41
59            android:theme="@style/AppTheme" />
59-->src\main\AndroidManifest.xml:46:13-44
60        <!-- Needs to be explicitly declared on P+ -->
61        <uses-library
61-->[com.google.android.gms:play-services-maps:17.0.0] AndroidManifest.xml:33:9-35:40
62            android:name="org.apache.http.legacy"
62-->[com.google.android.gms:play-services-maps:17.0.0] AndroidManifest.xml:34:13-50
63            android:required="false" />
63-->[com.google.android.gms:play-services-maps:17.0.0] AndroidManifest.xml:35:13-37
64
65        <activity
65-->[com.google.android.gms:play-services-base:17.0.0] AndroidManifest.xml:23:9-26:75
66            android:name="com.google.android.gms.common.api.GoogleApiActivity"
66-->[com.google.android.gms:play-services-base:17.0.0] AndroidManifest.xml:24:13-79
67            android:exported="false"
67-->[com.google.android.gms:play-services-base:17.0.0] AndroidManifest.xml:25:13-37
68            android:theme="@android:style/Theme.Translucent.NoTitleBar" />
68-->[com.google.android.gms:play-services-base:17.0.0] AndroidManifest.xml:26:13-72
69
70        <meta-data
70-->[com.google.android.gms:play-services-basement:17.0.0] AndroidManifest.xml:23:9-25:69
71            android:name="com.google.android.gms.version"
71-->[com.google.android.gms:play-services-basement:17.0.0] AndroidManifest.xml:24:13-58
72            android:value="@integer/google_play_services_version" />
72-->[com.google.android.gms:play-services-basement:17.0.0] AndroidManifest.xml:25:13-66
73    </application>
74
75</manifest>